\BOOKMARK [1][-]{section*.1}{Eidesstattliche Erkl\344rung}{}% 1
\BOOKMARK [1][-]{section*.2}{Zusammenfassung / Abstract}{}% 2
\BOOKMARK [0][-]{chapter.1}{Einleitung}{}% 3
\BOOKMARK [0][-]{chapter.2}{Grundlagen}{}% 4
\BOOKMARK [1][-]{section.2.1}{Softwarequalit\344t}{chapter.2}% 5
\BOOKMARK [1][-]{section.2.2}{Softwaretest}{chapter.2}% 6
\BOOKMARK [1][-]{section.2.3}{Testprozess}{chapter.2}% 7
\BOOKMARK [2][-]{subsection.2.3.1}{Testplanung und Steuerung}{section.2.3}% 8
\BOOKMARK [2][-]{subsection.2.3.2}{Testanalyse und Testdesign}{section.2.3}% 9
\BOOKMARK [2][-]{subsection.2.3.3}{Testrealisierung und Testdurchf\374hrung}{section.2.3}% 10
\BOOKMARK [2][-]{subsection.2.3.4}{Testauswertung und Bericht}{section.2.3}% 11
\BOOKMARK [2][-]{subsection.2.3.5}{Abschluss der Testaktivit\344ten}{section.2.3}% 12
\BOOKMARK [1][-]{section.2.4}{Softwarelebenszyklus}{chapter.2}% 13
\BOOKMARK [2][-]{subsection.2.4.1}{V-Modell}{section.2.4}% 14
\BOOKMARK [0][-]{chapter.3}{Testautomatisierung}{}% 15
\BOOKMARK [1][-]{section.3.1}{Warum Testautomatisierung?}{chapter.3}% 16
\BOOKMARK [1][-]{section.3.2}{Bereiche der Testautomatisierung}{chapter.3}% 17
\BOOKMARK [2][-]{subsection.3.2.1}{Testdesign}{section.3.2}% 18
\BOOKMARK [2][-]{subsection.3.2.2}{Testcodeerstellung}{section.3.2}% 19
\BOOKMARK [2][-]{subsection.3.2.3}{Testdurchf\374hrung}{section.3.2}% 20
\BOOKMARK [2][-]{subsection.3.2.4}{Testauswertung}{section.3.2}% 21
\BOOKMARK [1][-]{section.3.3}{M\366glichkeiten zur Testautomatisierung in Erstellung und Durchf\374hrung}{chapter.3}% 22
\BOOKMARK [1][-]{section.3.4}{Selenium}{chapter.3}% 23
