This is pdfTeX, Version 3.1415926-2.4-1.40.13 (MiKTeX 2.9) (preloaded format=pdftex 2014.4.12)  21 APR 2014 16:10
entering extended mode
**F:/Dropbox/Dropbox/Studium/10.*Semester/StudienarbeitDocker/Literatur.bib
("F:/Dropbox/Dropbox/Studium/10. Semester/StudienarbeitDocker/Literatur.bib"
! Missing $ inserted.
<inserted text> 
                $
<to be read again> 
                   _
l.2 @misc{schroder_
                   container-virtualisierung_2014,
? 
! Emergency stop.
<inserted text> 
                $
<to be read again> 
                   _
l.2 @misc{schroder_
                   container-virtualisierung_2014,
End of file on the terminal!

!  ==> Fatal error occurred, no output PDF file produced!
